2015.04.29 01:09:42		chips:398		eq:0			me:8d4s		call:182		opn:0		board: (lastb:7c8cTh6d7d) folded:true pot:0
2015.04.29 01:11:17		chips:398		eq:38.013			me:6d4s		call:172		opn:6		board: (lastb:9h8h2sJd7d) folded:true pot:1
2015.04.29 01:12:56		chips:396		eq:33.428			me:9d7c		call:112		opn:5		board:4h6c3h (lastb:4h6c3h) folded:true pot:14
2015.04.29 01:14:22		chips:392		eq:33.208			me:2s4c		call:32		opn:7		board: (lastb:4h6c3hTcAh) folded:true pot:0
2015.04.29 01:16:04		chips:390		eq:40.522			me:5s7c		call:48		opn:4		board: (lastb:Js9s3c7dQd) folded:true pot:0
2015.04.29 01:18:06		chips:382		eq:79.847			me:Qh9s		call:6		opn:2		board:3c8d9d7c3h (lastb:3c8d9d7c3h) folded:false pot:0
2015.04.29 01:18:45		chips:380		eq:50.799			me:Qh7s		call:380		opn:4		board:JhJcJd (lastb:JhJcJd) folded:true pot:12
2015.04.29 01:19:55		chips:378		eq:22.275			me:8c3d		call:378		opn:2		board:5hKc2s (lastb:5hKc2s) folded:true pot:12
2015.04.29 01:20:17		chips:378		eq:34.94			me:2d6d		call:378		opn:4		board: (lastb:5hKc2s) folded:true pot:0
2015.04.29 01:20:41		chips:378		eq:45.936			me:Jc3c		call:378		opn:6		board: (lastb:Ts6h8sKd4d) folded:true pot:0
2015.04.29 01:21:22		chips:378		eq:47.932			me:Td7s		call:378		opn:5		board: (lastb:Js4s7s6s6c) folded:true pot:0
2015.04.29 01:22:20		chips:376		eq:64.467			me:QdAc		call:364		opn:4		board: (lastb:6s7hAh9sQs) folded:true pot:0
2015.04.29 01:23:33		chips:374		eq:38.318			me:8s3s		call:374		opn:3		board:9cQhJc (lastb:9cQhJc) folded:true pot:1201
2015.04.29 01:24:04		chips:372		eq:44.429			me:Jc2d		call:372		opn:4		board:Kh2hQs (lastb:Kh2hQs) folded:true pot:3361
2015.04.29 01:24:36		chips:371		eq:40.325			me:4s8s		call:371		opn:4		board: (lastb:Kh2hQs7sTd) folded:true pot:0
2015.04.29 01:26:03		chips:0		eq:92.973			me:Qd8s		call:369		opn:3		board:Qc4cQhJhKd (lastb:Qc4cQhJhKd) folded:false pot:2105
2015.04.29 01:34:18		chips:398		eq:15.751			me:3d2s		call:188		opn:3		board:9s5hTc (lastb:9s5hTc) folded:true pot:12
2015.04.29 01:35:04		chips:396		eq:43.384			me:3hAs		call:47		opn:5		board:8s5cTd (lastb:8s5cTd) folded:true pot:12
2015.04.29 01:36:27		chips:394		eq:39.445			me:4d8s		call:49		opn:5		board: (lastb:8s5cTdQd3d) folded:true pot:0
2015.04.29 01:38:04		chips:386		eq:70.297			me:8h8c		call:40		opn:2		board:4c4sKd7d (lastb:4c4sKd7d) folded:true pot:32
2015.04.29 01:38:54		chips:385		eq:49.707			me:Ts8h		call:385		opn:7		board: (lastb:4c4sKd7dTs) folded:true pot:0
2015.04.29 01:40:24		chips:383		eq:44.133			me:Kd3d		call:383		opn:6		board:7s5h4d (lastb:7s5h4d) folded:true pot:14
2015.04.29 01:41:02		chips:383		eq:45.303			me:Jc3h		call:383		opn:5		board: (lastb:7s5h4d3s5d) folded:true pot:0
2015.04.29 01:42:05		chips:383		eq:55.152			me:Kh7d		call:383		opn:6		board: (lastb:Ts2c5s4h3c) folded:true pot:0
2015.04.29 01:42:39		chips:383		eq:58.285			me:5dAd		call:383		opn:6		board: (lastb:Td6s5d7s8h) folded:true pot:0
2015.04.29 01:44:07		chips:381		eq:50.468			me:2sKh		call:381		opn:4		board: (lastb:Ts2h3d6s6h) folded:true pot:0
2015.04.29 01:45:22		chips:379		eq:53.885			me:Jh9h		call:379		opn:4		board: (lastb:ThTs8c6h2d) folded:true pot:0
2015.04.29 01:46:17		chips:377		eq:38.101			me:4h5c		call:377		opn:4		board: (lastb:7h7cAhQh6d) folded:true pot:0
2015.04.29 01:47:11		chips:376		eq:54.813			me:6sKs		call:376		opn:2		board:8d6dTd (lastb:8d6dTd) folded:true pot:0
2015.04.29 01:48:06		chips:374		eq:47.841			me:Jh6c		call:374		opn:3		board:Ts3cKs (lastb:Ts3cKs) folded:true pot:1194
2015.04.29 01:49:11		chips:		eq:45.185			me:		call:4		opn:0		board: (lastb:Ts3cKs5c3s) folded:false pot:0
2015.04.29 01:50:00		chips:368		eq:36.037			me:3h4h		call:368		opn:4		board:5hTh4d (lastb:5hTh4d) folded:true pot:7634
2015.04.29 01:50:49		chips:366		eq:53.699			me:3c3h		call:366		opn:2		board:3sTc5h (lastb:3sTc5h) folded:true pot:4352
2015.04.29 01:51:21		chips:364		eq:35.104			me:4s3c		call:16		opn:3		board:4hAs6d (lastb:4hAs6d) folded:true pot:56
2015.04.29 01:52:32		chips:363		eq:36.088			me:6h3d		call:363		opn:5		board: (lastb:4hAs6d7cQs) folded:true pot:0
2015.04.29 01:53:08		chips:363		eq:44.512			me:9d6h		call:50		opn:7		board: (lastb:9hAc8c7h5d) folded:true pot:0
2015.04.29 01:54:32		chips:363		eq:36.088			me:3s6d		call:6		opn:7		board: (lastb:ThAc3c4dKs) folded:true pot:0
2015.04.29 01:56:19		chips:361		eq:45.131			me:		call:361		opn:0		board: (lastb:8s2cKh5c) folded:true pot:0
2015.04.29 01:56:31		chips:361		eq:39.93			me:6c5d		call:361		opn:7		board: (lastb:8s2cKh5c) folded:true pot:0
2015.04.29 01:58:08		chips:349		eq:87.215			me:QdAc		call:349		opn:1		board:Ah9c6s (lastb:Ah9c6s) folded:true pot:0
2015.04.29 01:58:33		chips:347		eq:63.251			me:6d6c		call:347		opn:4		board: (lastb:Ah9c6s) folded:true pot:0
2015.04.29 01:59:49		chips:346		eq:46.105			me:4dJs		call:346		opn:1		board: (lastb:5hQdAc7sJh) folded:true pot:0
2015.04.29 02:00:07		chips:346		eq:47.07			me:9s7s		call:346		opn:4		board: (lastb:5hQdAc7sJh) folded:true pot:0
2015.04.29 02:01:10		chips:344		eq:40.011			me:9h2h		call:344		opn:2		board:2d5s8s (lastb:2d5s8s) folded:true pot:3628
2015.04.29 02:01:45		chips:342		eq:60.226			me:TdKd		call:342		opn:3		board: (lastb:2d5s8s5c6d) folded:true pot:0
2015.04.29 02:02:27		chips:340		eq:38.594			me:4h7d		call:340		opn:2		board:4dTsJc (lastb:4dTsJc) folded:true pot:1722
2015.04.29 02:02:50		chips:338		eq:51.789			me:Qs7c		call:338		opn:2		board:KdKs2c (lastb:KdKs2c) folded:true pot:803
2015.04.29 02:03:13		chips:337		eq:47.841			me:Jh6c		call:337		opn:3		board: (lastb:KdKs2cJcJd) folded:true pot:0
2015.04.29 02:03:40		chips:337		eq:48.947			me:3hQh		call:337		opn:4		board: (lastb:Ts5sJsTcKh) folded:true pot:0
2015.04.29 02:04:38		chips:335		eq:79.935			me:QcQh		call:335		opn:2		board:Jd6c8d (lastb:Jd6c8d) folded:true pot:2402
2015.04.29 02:05:05		chips:333		eq:65.29			me:KhAd		call:333		opn:2		board:5d7c4d (lastb:5d7c4d) folded:true pot:803
2015.04.29 02:05:26		chips:332		eq:46.296			me:9c7d		call:332		opn:4		board: (lastb:5d7c4d2c4c) folded:true pot:0
2015.04.29 02:06:08		chips:332		eq:47.891			me:Qd2d		call:332		opn:5		board: (lastb:Tc6cKc4s6d) folded:true pot:0
2015.04.29 02:06:51		chips:331		eq:45.303			me:Js3h		call:331		opn:4		board: (lastb:2c7cJd3h7h) folded:true pot:0
2015.04.29 02:07:50		chips:329		eq:40.045			me:3h9c		call:329		opn:3		board:Qd4d8c (lastb:Qd4d8c) folded:true pot:1202
2015.04.29 02:08:42		chips:327		eq:22.1			me:4cTc		call:290		opn:5		board:6h9h3h (lastb:6h9h3h) folded:true pot:14
2015.04.29 02:09:37		chips:325		eq:54.007			me:Ks5s		call:325		opn:3		board: (lastb:6h9h3hKhQc) folded:true pot:0
2015.04.29 02:10:26		chips:323		eq:55.152			me:Ks7d		call:323		opn:1		board: (lastb:7c7h4sQc8h) folded:true pot:0
2015.04.29 02:10:58		chips:321		eq:82.133			me:TcJd		call:150		opn:3		board:3dTd8d (lastb:3dTd8d) folded:true pot:8
2015.04.29 02:11:34		chips:321		eq:47.231			me:Js5d		call:321		opn:5		board: (lastb:3dTd8d3c9d) folded:true pot:0
2015.04.29 02:12:45		chips:319		eq:46.105			me:Jc4d		call:319		opn:2		board: (lastb:5c4dQd8hAd) folded:true pot:0
2015.04.29 02:13:16		chips:319		eq:48.251			me:3cQs		call:12		opn:5		board: (lastb:Th8c5dJs6s) folded:true pot:0
2015.04.29 02:14:23		chips:317		eq:56.756			me:Ad4c		call:317		opn:2		board: (lastb:9sQc2hQd7c) folded:true pot:0
2015.04.29 02:14:53		chips:315		eq:64.893			me:QdAd		call:315		opn:3		board:9s9d2d (lastb:9s9d2d) folded:true pot:1203
2015.04.29 02:15:43		chips:314		eq:50.959			me:Qh6c		call:314		opn:5		board: (lastb:9s9d2dQs4c) folded:true pot:0
2015.04.29 02:16:31		chips:314		eq:65.29			me:KhAd		call:314		opn:5		board: (lastb:4dTs5c5sJh) folded:true pot:0
2015.04.29 02:17:21		chips:314		eq:46.894			me:Jd4d		call:314		opn:4		board: (lastb:2d5hTcJcKs) folded:true pot:1
2015.04.29 02:17:54		chips:314		eq:42.594			me:3dTs		call:314		opn:6		board: (lastb:2sQd8sAhKc) folded:true pot:0
2015.04.29 02:19:15		chips:310		eq:52.997			me:As7d		call:310		opn:2		board:6d8cTh6sTc (lastb:6d8cTh6sTc) folded:true pot:10
2015.04.29 02:19:49		chips:308		eq:40.808			me:6h5h		call:308		opn:4		board: (lastb:6d8cTh6sTc) folded:true pot:0
2015.04.29 02:20:45		chips:307		eq:46.296			me:9h7c		call:307		opn:3		board: (lastb:KhAd3c3s4s) folded:true pot:0
2015.04.29 02:21:17		chips:307		eq:58.819			me:7sAd		call:307		opn:3		board: (lastb:2dAdJh4d8c) folded:true pot:0
2015.04.29 02:21:43		chips:307		eq:43.93			me:8d6d		call:307		opn:3		board: (lastb:Kd8d2s7cAh) folded:true pot:0
2015.04.29 02:22:34		chips:305		eq:49.133			me:4hQc		call:305		opn:3		board: (lastb:7c5d2h6s5h) folded:true pot:0
2015.04.29 02:23:31		chips:303		eq:38.849			me:7cJs		call:303		opn:1		board:2c9s9h (lastb:2c9s9h) folded:true pot:0
2015.04.29 02:23:48		chips:301		eq:56.987			me:4s4c		call:301		opn:2		board: (lastb:2c9s9h) folded:true pot:0
2015.04.29 02:24:42		chips:300		eq:46.296			me:7c9s		call:300		opn:3		board: (lastb:7c2sKh2dJd) folded:true pot:0
2015.04.29 02:25:30		chips:300		eq:47.231			me:5sJh		call:300		opn:6		board: (lastb:KhAh7sAsTc) folded:true pot:0
2015.04.29 02:26:11		chips:300		eq:47.07			me:7h9h		call:300		opn:4		board: (lastb:8s2sTd6cAc) folded:true pot:0
2015.04.29 02:26:57		chips:98		eq:42.318			me:6d7c		call:298		opn:4		board: (lastb:5sKhJhQh8h) folded:true pot:0
2015.04.29 02:28:37		chips:96		eq:16.969			me:5d2c		call:296		opn:3		board:QhJs9c (lastb:QhJs9c) folded:true pot:15
2015.04.29 02:29:22		chips:94		eq:40.045			me:3h9d		call:294		opn:4		board:6c5c8d (lastb:6c5c8d) folded:true pot:2938
2015.04.29 02:29:52		chips:93		eq:57.734			me:Kd9c		call:293		opn:4		board: (lastb:6c5c8dTsJh) folded:true pot:0
2015.04.29 02:30:31		chips:92		eq:58.819			me:Ac7h		call:292		opn:5		board: (lastb:Ah3h9h7c4h) folded:true pot:0
2015.04.29 02:31:27		chips:92		eq:35.104			me:4c3s		call:292		opn:4		board: (lastb:9s5cKhAdJh) folded:true pot:0
2015.04.29 02:32:41		chips:88		eq:25.084			me:Jc3h		call:2		opn:1		board:9cKd4hKs8s (lastb:9cKd4hKs8s) folded:false pot:16
2015.04.29 02:33:45		chips:94		eq:52.089			me:3cKc		call:294		opn:4		board:9c8d8h (lastb:9c8d8h) folded:true pot:1598
2015.04.29 02:34:13		chips:94		eq:58.819			me:7cAh		call:8		opn:6		board: (lastb:9c8d8hTh9s) folded:true pot:0
2015.04.29 02:35:18		chips:92		eq:55.152			me:7hKs		call:292		opn:4		board: (lastb:9sQh3h7s6s) folded:true pot:0
2015.04.29 02:36:07		chips:91		eq:46.296			me:7h9s		call:291		opn:7		board: (lastb:3h4h6h8c3d) folded:true pot:0
2015.04.29 02:36:51		chips:90		eq:53.278			me:9sJc		call:290		opn:4		board: (lastb:4c3hAs2sAc) folded:true pot:0
2015.04.29 02:38:13		chips:88		eq:37.449			me:3s8c		call:254		opn:5		board: (lastb:8dAhQh2sKh) folded:true pot:0
2015.04.29 02:39:23		chips:88		eq:47.902			me:5dJd		call:288		opn:4		board: (lastb:4d5sKdJs5c) folded:true pot:0
2015.04.29 02:39:55		chips:88		eq:85.156			me:AhAc		call:288		opn:7		board: (lastb:3dJh2h3s2c) folded:true pot:1
2015.04.29 02:40:39		chips:88		eq:55.967			me:Kc8s		call:288		opn:7		board: (lastb:Qc7dKh3sAs) folded:true pot:0
2015.04.29 02:41:36		chips:86		eq:42.594			me:Ts3d		call:286		opn:4		board:3sTcAc (lastb:3sTcAc) folded:true pot:1803
2015.04.29 02:42:33		chips:84		eq:39.266			me:Qc4d		call:284		opn:2		board:Kd3h7c (lastb:Kd3h7c) folded:true pot:10
2015.04.29 02:43:08		chips:83		eq:34.043			me:2s6d		call:283		opn:2		board: (lastb:Kd3h7c4c7s) folded:true pot:0
2015.04.29 02:43:45		chips:83		eq:46.11			me:Th6d		call:192		opn:4		board: (lastb:QhAd4h7cTh) folded:true pot:1
2015.04.29 02:44:37		chips:83		eq:55.795			me:TsJs		call:283		opn:4		board: (lastb:6c3s7cJhKd) folded:true pot:0
2015.04.29 02:46:16		chips:279		eq:52.885			me:4d9h		call:4		opn:3		board:9sKd2cAcTc (lastb:9sKd2cAcTc) folded:false pot:20
2015.04.29 02:48:24		chips:0		eq:99.288			me:JsTd		call:253		opn:1		board:ThJcJdAs2c (lastb:ThJcJdAs2c) folded:false pot:84
2015.04.29 02:48:46		chips:590		eq:58.819			me:Ac7s		call:398		opn:4		board: (lastb:ThJcJdAs2c) folded:true pot:0
2015.04.29 02:49:31		chips:588		eq:38.301			me:Kh2c		call:312		opn:2		board:Qc6sJs (lastb:Qc6sJs) folded:true pot:0
2015.04.29 02:51:39		chips:584		eq:53.246			me:2sAc		call:398		opn:2		board:KdKh5d (lastb:KdKh5d) folded:true pot:12
2015.04.29 02:53:30		chips:582		eq:30.586			me:2sAh		call:582		opn:1		board:Qd8sKc7c5d (lastb:Qd8sKc7c5d) folded:true pot:0
2015.04.29 02:54:16		chips:580		eq:71.222			me:3cTc		call:38		opn:1		board:2dQcAcTd (lastb:2dQcAcTd) folded:true pot:0
2015.04.29 02:54:32		chips:580		eq:40.694			me:9s4d		call:400		opn:4		board: (lastb:2dQcAcTd) folded:true pot:0
2015.04.29 02:55:11		chips:580		eq:40.045			me:3d9s		call:580		opn:4		board: (lastb:9c7s2hTs6s) folded:true pot:0
2015.04.29 02:55:45		chips:580		eq:60.472			me:JcKh		call:580		opn:6		board: (lastb:8s4d6h6dKd) folded:true pot:0
2015.04.29 02:56:44		chips:578		eq:42.318			me:6h7s		call:398		opn:3		board: (lastb:3h2h8h4c6d) folded:true pot:0
2015.04.29 02:57:32		chips:576		eq:38.914			me:6c4c		call:576		opn:6		board:9c3dJh (lastb:9c3dJh) folded:true pot:303190
2015.04.29 02:58:20		chips:574		eq:52.327			me:Kh4s		call:574		opn:3		board:QhAd4d (lastb:QhAd4d) folded:true pot:8322
2015.04.29 02:59:00		chips:573		eq:41.455			me:9c4c		call:573		opn:5		board: (lastb:QhAd4d6cKs) folded:true pot:0
2015.04.29 03:18:33		chips:571		eq:41.614			me:Td2s		call:498		opn:6		board: (lastb:) folded:true pot:0
2015.04.29 03:19:56		chips:567		eq:48.058			me:8d9c		call:496		opn:4		board:QdTsJc (lastb:QdTsJc) folded:true pot:908
2015.04.29 03:20:40		chips:567		eq:40.694			me:9h4d		call:567		opn:7		board: (lastb:QsJcAc9s) folded:true pot:0
2015.04.29 03:22:17		chips:565		eq:79.935			me:QsQc		call:498		opn:3		board:7h2d6s (lastb:7h2d6s) folded:true pot:1403
2015.04.29 03:23:20		chips:563		eq:35.751			me:4dTc		call:286		opn:5		board:KcJc7d (lastb:KcJc7d) folded:true pot:14
2015.04.29 03:24:21		chips:561		eq:59.743			me:TcKd		call:398		opn:5		board: (lastb:KcJc7d3h2d) folded:true pot:0
2015.04.29 03:25:25		chips:560		eq:32.253			me:3d2h		call:398		opn:6		board: (lastb:5d9dJs5c9s) folded:false pot:0
2015.04.29 03:26:51		chips:560		eq:54.955			me:Ac2h		call:500		opn:5		board: (lastb:Qs5hKc9h5c) folded:true pot:0
2015.04.29 03:28:00		chips:556		eq:57.647			me:6cAs		call:310		opn:4		board:Jh2hQh (lastb:Jh2hQh) folded:true pot:126
2015.04.29 03:29:22		chips:554		eq:35.104			me:3s4c		call:554		opn:5		board:9hAc5c (lastb:9hAc5c) folded:true pot:3949
2015.04.29 03:30:30		chips:54		eq:87.557			me:AhAc		call:54		opn:5		board:4dJsKh (lastb:4dJsKh) folded:true pot:2901
2015.04.29 03:31:11		chips:		eq:44.223			me:		call:54		opn:4		board: (lastb:4dJsKhJd8h) folded:false pot:0
2015.04.29 03:32:05		chips:398		eq:57.647			me:6sAc		call:398		opn:3		board: (lastb:7dJc5d5sTc) folded:true pot:0
2015.04.29 03:32:47		chips:396		eq:60.472			me:JhKc		call:396		opn:5		board: (lastb:9sKc2h5cJc) folded:true pot:0
2015.04.29 03:33:50		chips:392		eq:40.822			me:3d9d		call:392		opn:3		board: (lastb:KhJs7h7s2s) folded:true pot:0
2015.04.29 03:34:31		chips:392		eq:36.577			me:7c3s		call:392		opn:6		board: (lastb:7s7c3cTsTc) folded:true pot:0
2015.04.29 03:36:35		chips:390		eq:87.599			me:Jd6d		call:2		opn:2		board:KcJc4s6cAd (lastb:KcJc4s6cAd) folded:false pot:6
2015.04.29 03:37:08		chips:394		eq:39.445			me:8s4h		call:394		opn:4		board:8c9hKs (lastb:8c9hKs) folded:true pot:1800
2015.04.29 03:37:42		chips:393		eq:48.058			me:8h9c		call:393		opn:3		board: (lastb:8c9hKs2dQs) folded:true pot:0
2015.04.29 03:38:40		chips:393		eq:49.806			me:Qc4c		call:393		opn:4		board: (lastb:3dJhTh7h4d) folded:true pot:0
2015.04.29 03:39:21		chips:391		eq:33.208			me:2d4h		call:391		opn:3		board:Ks8c3c (lastb:Ks8c3c) folded:true pot:1204
2015.04.29 03:39:46		chips:389		eq:32.253			me:2s3d		call:389		opn:2		board:Ac4sTc (lastb:Ac4sTc) folded:true pot:2413
2015.04.29 03:40:29		chips:387		eq:48.143			me:Ts2h		call:204		opn:3		board:3s4d2d9s (lastb:3s4d2d9s) folded:true pot:11
2015.04.29 03:41:09		chips:387		eq:55.795			me:TcJc		call:356		opn:6		board: (lastb:3s4d2d9s4h) folded:true pot:0
2015.04.29 03:42:01		chips:385		eq:41.361			me:8h5s		call:385		opn:6		board:Qs3c7h (lastb:Qs3c7h) folded:true pot:1325
2015.04.29 03:43:08		chips:1388		eq:89.823			me:8hKc		call:385		opn:1		board:Js5cTcAhQc (lastb:Js5cTcAhQc) folded:false pot:0
2015.04.29 03:43:40		chips:386		eq:45.303			me:3hJc		call:376		opn:2		board:6d4h7s (lastb:6d4h7s) folded:true pot:758
2015.04.29 03:44:09		chips:386		eq:65.672			me:AhKh		call:386		opn:5		board: (lastb:6d4h7s7h9s) folded:true pot:0
2015.04.29 03:44:56		chips:386		eq:51.46			me:Js8d		call:386		opn:3		board:Ks7cKd (lastb:Ks7cKd) folded:true pot:0
2015.04.29 03:45:49		chips:384		eq:53.438			me:KhJs		call:384		opn:1		board:Ts7dTc9s (lastb:Ts7dTc9s) folded:true pot:0
2015.04.29 03:46:12		chips:382		eq:54.813			me:6hKh		call:382		opn:2		board:2dAhTh (lastb:2dAhTh) folded:true pot:805
2015.04.29 03:47:05		chips:380		eq:14.445			me:8d3s		call:8		opn:2		board:Ah5c7h5h (lastb:Ah5c7h5h) folded:true pot:8
2015.04.29 03:47:51		chips:378		eq:47.932			me:Th7s		call:274		opn:3		board:9hKs8h (lastb:9hKs8h) folded:true pot:830
2015.04.29 03:48:32		chips:377		eq:34.452			me:7h2s		call:377		opn:2		board: (lastb:9hKs8h7d8d) folded:true pot:0
2015.04.29 03:49:17		chips:375		eq:37.449			me:8c3s		call:375		opn:1		board: (lastb:9hKs8h7d8d) folded:true pot:0
2015.04.29 03:49:52		chips:373		eq:39.078			me:2h9c		call:373		opn:3		board:JdAsQc (lastb:JdAsQc) folded:true pot:1083
2015.04.29 03:50:15		chips:373		eq:39.078			me:9h2d		call:373		opn:4		board: (lastb:JdAsQcTs9h) folded:true pot:0
2015.04.29 03:51:11		chips:371		eq:48.814			me:9s8s		call:371		opn:3		board: (lastb:7sAsTd2c2h) folded:true pot:0
2015.04.29 03:52:01		chips:369		eq:37.486			me:3d7d		call:369		opn:3		board: (lastb:8hQhTs9hAs) folded:true pot:0
2015.04.29 03:52:29		chips:368		eq:44.512			me:9c6h		call:368		opn:3		board: (lastb:6h8dJdKsJc) folded:true pot:0
2015.04.29 03:53:10		chips:367		eq:54.007			me:5dKd		call:367		opn:3		board:JdKcJs (lastb:JdKcJs) folded:true pot:0
2015.04.29 03:53:37		chips:365		eq:59.894			me:Ad8s		call:365		opn:1		board: (lastb:JdKcJs6h7s) folded:true pot:0
2015.04.29 03:54:03		chips:363		eq:48.058			me:9d8c		call:363		opn:2		board: (lastb:JdKcJs6h7s) folded:true pot:0
2015.04.29 03:55:04		chips:359		eq:75.556			me:8hQd		call:292		opn:2		board:3h8c6d (lastb:3h8c6d) folded:true pot:8
2015.04.29 03:55:35		chips:358		eq:48.814			me:9s8s		call:95		opn:3		board:Ad8dAh (lastb:Ad8dAh) folded:true pot:0
2015.04.29 03:56:31		chips:356		eq:38.013			me:4s6c		call:224		opn:2		board: (lastb:Ad8dAh2hKs) folded:true pot:0
2015.04.29 03:57:06		chips:354		eq:43.169			me:7h6h		call:354		opn:3		board: (lastb:Jc8h5d4c8d) folded:true pot:0
2015.04.29 03:57:56		chips:352		eq:19.838			me:KdAd		call:354		opn:1		board:7h9h3sTd8d (lastb:7h9h3sTd8d) folded:false pot:5
2015.04.29 03:58:16		chips:356		eq:35.104			me:3s4d		call:123		opn:3		board: (lastb:7h9h3sTd8d) folded:true pot:0
2015.04.29 03:59:16		chips:354		eq:36.956			me:3s6s		call:170		opn:3		board: (lastb:Tc7cAdJs7d) folded:true pot:0
2015.04.29 04:00:24		chips:352		eq:80.926			me:Ac4c		call:2		opn:1		board:8h7dAs5h5c (lastb:8h7dAs5h5c) folded:false pot:5
2015.04.29 04:01:17		chips:351		eq:74.806			me:5s2d		call:2		opn:1		board:2hTcTs3d5c (lastb:2hTcTs3d5c) folded:false pot:12
2015.04.29 04:01:53		chips:355		eq:23.949			me:4cJh		call:2		opn:1		board:QdTc5s6dKc (lastb:QdTc5s6dKc) folded:false pot:0
2015.04.29 04:02:32		chips:1363		eq:65.099			me:3c7d		call:2		opn:1		board:6dJd7sJsTd (lastb:6dJd7sJsTd) folded:false pot:0
2015.04.29 04:03:42		chips:359		eq:5.627			me:6d3h		call:112		opn:2		board:Jd7sJs9d8d (lastb:Jd7sJs9d8d) folded:true pot:18
2015.04.29 04:05:27		chips:149		eq:91.226			me:Jd2c		call:200		opn:1		board:Jh2hQs3c5d (lastb:Jh2hQs3c5d) folded:false pot:36
2015.04.29 04:06:04		chips:583		eq:51.789			me:7sQc		call:547		opn:4		board: (lastb:Jh2hQs3c5d) folded:true pot:0
2015.04.29 04:07:09		chips:577		eq:41.362			me:Qc3c		call:2		opn:1		board:4s6s3dAc2s (lastb:4s6s3dAc2s) folded:false pot:0
2015.04.29 04:07:43		chips:575		eq:48.058			me:9s8c		call:398		opn:2		board:As3s9h (lastb:As3s9h) folded:true pot:604
2015.04.29 04:08:08		chips:575		eq:38.013			me:4d6s		call:400		opn:5		board: (lastb:As3s9h9c8d) folded:true pot:0
2015.04.29 04:09:29		chips:573		eq:84.497			me:AhAc		call:573		opn:2		board:9sQsQc2hKc (lastb:9sQsQc2hKc) folded:true pot:10
2015.04.29 04:10:09		chips:571		eq:47.07			me:9s7s		call:398		opn:4		board: (lastb:9sQsQc2hKc) folded:true pot:0
2015.04.29 04:10:41		chips:569		eq:38.101			me:4s5d		call:42		opn:4		board: (lastb:Tc3h7c5cTh) folded:true pot:0
2015.04.29 04:12:31		chips:567		eq:51.61			me:As9d		call:110		opn:3		board:TdQd6s5h (lastb:TdQd6s5h) folded:true pot:12
2015.04.29 04:13:14		chips:566		eq:46.296			me:7d9h		call:287		opn:5		board: (lastb:TdQd6s5hJs) folded:true pot:0
2015.04.29 04:14:33		chips:566		eq:56.987			me:4d4h		call:566		opn:6		board: (lastb:TcAh9c6h5s) folded:true pot:0
2015.04.29 04:15:53		chips:562		eq:44.223			me:5cTd		call:562		opn:4		board: (lastb:JcTdQh3c9c) folded:true pot:0
2015.04.29 04:16:37		chips:562		eq:50.313			me:8cTc		call:562		opn:3		board: (lastb:2cTh3c7c4h) folded:true pot:0
2015.04.29 04:17:41		chips:560		eq:64.467			me:QdAs		call:560		opn:3		board: (lastb:4d8hQs9h2h) folded:true pot:0
2015.04.29 04:18:50		chips:558		eq:38.101			me:4c5d		call:325		opn:3		board:9s9cTc (lastb:9s9cTc) folded:true pot:0
2015.04.29 04:20:09		chips:556		eq:37.261			me:AsQh		call:340		opn:4		board:6c3c5c (lastb:6c3c5c) folded:true pot:13
2015.04.29 04:21:47		chips:554		eq:52.24			me:Ts9s		call:554		opn:2		board:KcQd7d (lastb:KcQd7d) folded:true pot:1223
2015.04.29 04:22:49		chips:552		eq:39.078			me:9s2d		call:62		opn:5		board: (lastb:KcQd7dAc3s) folded:true pot:0
2015.04.29 04:26:08		chips:0		eq:91.416			me:3d6c		call:168		opn:3		board:Js6d6sAd5s (lastb:Js6d6sAd5s) folded:false pot:336
2015.04.29 04:26:51		chips:304		eq:59.743			me:TsKd		call:304		opn:2		board: (lastb:Js6d6sAd5s) folded:true pot:0
2015.04.29 04:27:19		chips:304		eq:42.318			me:6c7h		call:304		opn:4		board: (lastb:Ac8d9cQd8h) folded:true pot:0
2015.04.29 04:28:05		chips:302		eq:36.27			me:3h5d		call:302		opn:3		board: (lastb:3c5dKc4sTh) folded:true pot:0
2015.04.29 04:29:15		chips:300		eq:49.528			me:AdJc		call:300		opn:2		board:3h6s9c (lastb:3h6s9c) folded:true pot:14
2015.04.29 04:30:24		chips:98		eq:4.508			me:5dTh		call:204		opn:2		board:4s9h7c2d8d (lastb:4s9h7c2d8d) folded:true pot:12
2015.04.29 04:30:46		chips:98		eq:60.472			me:JcKs		call:298		opn:7		board: (lastb:4s9h7c2d8d) folded:true pot:1
2015.04.29 04:32:32		chips:94		eq:28.301			me:Ts3c		call:294		opn:5		board:JsAd8d8c (lastb:JsAd8d8c) folded:true pot:27
2015.04.29 04:35:01		chips:0		eq:91.107			me:9h9c		call:290		opn:4		board:7h7sQs9sQc (lastb:7h7sQs9sQc) folded:false pot:1348
2015.04.29 04:43:25		chips:398		eq:56.756			me:Ac4h		call:398		opn:5		board: (lastb:7h7sQs9sQc) folded:true pot:0
2015.04.29 04:44:40		chips:396		eq:65.29			me:KdAh		call:86		opn:6		board:8sAs2h (lastb:8sAs2h) folded:true pot:530
2015.04.29 04:46:49		chips:394		eq:52.183			me:5h6c		call:2		opn:4		board:Kh4h5cAsTc (lastb:Kh4h5cAsTc) folded:false pot:10
2015.04.29 04:47:28		chips:392		eq:46.11			me:Th6d		call:392		opn:1		board: (lastb:Kh4h5cAsTc) folded:true pot:0
2015.04.29 04:47:54		chips:391		eq:50.333			me:7sJs		call:225		opn:4		board: (lastb:Kh4h5cAsTc) folded:true pot:0
2015.04.29 04:48:39		chips:391		eq:50.355			me:2s2d		call:391		opn:5		board: (lastb:2h4cJhTd5d) folded:true pot:0
2015.04.29 04:49:56		chips:389		eq:20.712			me:8s5s		call:389		opn:2		board:TdTc2d9cAs (lastb:TdTc2d9cAs) folded:true pot:6
2015.04.29 04:50:53		chips:387		eq:59.894			me:8hAs		call:94		opn:5		board: (lastb:TdTc2d9cAs) folded:true pot:0
2015.04.29 04:51:50		chips:385		eq:57.902			me:QhTh		call:385		opn:4		board:5d9d5c (lastb:5d9d5c) folded:true pot:0
2015.04.29 04:52:50		chips:383		eq:55.152			me:Kh7s		call:383		opn:3		board: (lastb:5d9d5c3h4h) folded:true pot:0
2015.04.29 04:53:28		chips:381		eq:60.472			me:JcKs		call:381		opn:4		board: (lastb:7d2h6c4d9s) folded:true pot:0
2015.04.29 04:54:26		chips:379		eq:50.313			me:8dTd		call:379		opn:5		board: (lastb:4d5d2sAc4h) folded:true pot:0
2015.04.29 04:55:18		chips:377		eq:43.24			me:6s8h		call:377		opn:3		board: (lastb:Jc6dAsQh4s) folded:true pot:0
2015.04.29 04:56:03		chips:376		eq:49.133			me:4hQs		call:376		opn:5		board:4cTd7d (lastb:4cTd7d) folded:true pot:0
2015.04.29 04:56:42		chips:375		eq:33.198			me:3d2d		call:375		opn:2		board:8s4hJh (lastb:8s4hJh) folded:true pot:0
2015.04.29 04:57:10		chips:375		eq:38.013			me:6s4d		call:375		opn:6		board: (lastb:8s4hJh4d3s) folded:true pot:0
2015.04.29 04:58:26		chips:373		eq:39.078			me:2d9h		call:373		opn:5		board: (lastb:AhJsTc3sKd) folded:true pot:0
2015.04.29 04:59:18		chips:369		eq:38.101			me:5d4c		call:369		opn:3		board:5s2h3s (lastb:5s2h3s) folded:true pot:813
2015.04.29 04:59:56		chips:367		eq:44.512			me:9c6s		call:367		opn:4		board:8sTd4s (lastb:8sTd4s) folded:true pot:1999
2015.04.29 05:00:56		chips:363		eq:32.141			me:7cTd		call:245		opn:1		board:5dAh8c (lastb:5dAh8c) folded:true pot:0
2015.04.29 05:01:46		chips:359		eq:41.614			me:Tc2d		call:359		opn:4		board:Qh4h7s (lastb:Qh4h7s) folded:true pot:2520
2015.04.29 05:02:46		chips:357		eq:57.711			me:Ah5d		call:357		opn:3		board:9c3sKh (lastb:9c3sKh) folded:true pot:124
2015.04.29 05:03:39		chips:355		eq:42.487			me:2sTs		call:355		opn:5		board:Jd6c8d (lastb:Jd6c8d) folded:true pot:2231
2015.04.29 05:04:47		chips:353		eq:38.101			me:5c4d		call:353		opn:3		board:2d9hTh (lastb:2d9hTh) folded:true pot:1204
2015.04.29 05:05:17		chips:351		eq:41.361			me:8d5s		call:351		opn:4		board:7s9hAh (lastb:7s9hAh) folded:true pot:441
2015.04.29 05:05:54		chips:349		eq:57.734			me:Kh9c		call:349		opn:2		board:2s8h2h (lastb:2s8h2h) folded:true pot:802
2015.04.29 05:06:44		chips:347		eq:51.59			me:Qs6s		call:347		opn:2		board:KsAc9d (lastb:KsAc9d) folded:true pot:808
2015.04.29 05:07:14		chips:347		eq:34.452			me:7s2h		call:347		opn:7		board: (lastb:KsAc9dJh4c) folded:true pot:1
2015.04.29 05:08:49		chips:345		eq:64.467			me:QsAd		call:345		opn:3		board:7cAs2s (lastb:7cAs2s) folded:true pot:1204
2015.04.29 05:10:13		chips:343		eq:57.726			me:5hJs		call:343		opn:1		board:Jc7cKsAc (lastb:Jc7cKsAc) folded:true pot:0
2015.04.29 05:10:44		chips:341		eq:46.192			me:AcQc		call:341		opn:1		board:9d5d6s (lastb:9d5d6s) folded:true pot:0
2015.04.29 05:11:06		chips:339		eq:54.955			me:As2h		call:339		opn:2		board:Qc5s4h (lastb:Qc5s4h) folded:true pot:130
2015.04.29 05:11:27		chips:338		eq:51.46			me:Jh8c		call:338		opn:2		board: (lastb:Qc5s4h3d2s) folded:true pot:0
2015.04.29 05:12:05		chips:336		eq:49.133			me:4cQd		call:336		opn:1		board: (lastb:7hQh2hTs7d) folded:true pot:0
2015.04.29 05:12:27		chips:334		eq:51.46			me:8hJd		call:334		opn:1		board: (lastb:7hQh2hTs7d) folded:true pot:0
2015.04.29 05:12:37		chips:333		eq:45.303			me:3dJc		call:333		opn:2		board: (lastb:7hQh2hTs7d) folded:true pot:0
2015.04.29 05:13:04		chips:331		eq:56.435			me:Ah3h		call:331		opn:1		board: (lastb:TdAc4sQc3h) folded:true pot:0
2015.04.29 05:13:16		chips:329		eq:38.101			me:4c5s		call:329		opn:1		board: (lastb:TdAc4sQc3h) folded:true pot:0
2015.04.29 05:13:32		chips:327		eq:34.268			me:5d2s		call:327		opn:1		board: (lastb:TdAc4sQc3h) folded:true pot:0
2015.04.29 05:13:42		chips:325		eq:44.429			me:Jh2s		call:325		opn:1		board: (lastb:TdAc4sQc3h) folded:true pot:0
2015.04.29 05:13:54		chips:323		eq:62.853			me:TsAc		call:323		opn:1		board: (lastb:TdAc4sQc3h) folded:true pot:0
2015.04.29 05:14:05		chips:321		eq:58.617			me:QsJs		call:321		opn:1		board: (lastb:TdAc4sQc3h) folded:true pot:0
2015.04.29 05:14:21		chips:319		eq:47.902			me:5sJs		call:319		opn:1		board: (lastb:TdAc4sQc3h) folded:true pot:0
2015.04.29 05:14:32		chips:317		eq:41.614			me:2cTd		call:317		opn:1		board: (lastb:TdAc4sQc3h) folded:true pot:0
2015.04.29 05:15:09		chips:1319		eq:77.282			me:		call:1		opn:1		board:Qs8s6dKh3d (lastb:Qs8s6dKh3d) folded:false pot:0
2015.04.29 05:15:42		chips:315		eq:36.833			me:9h5d		call:315		opn:3		board:2hAs4h (lastb:2hAs4h) folded:true pot:16
2015.04.29 05:16:26		chips:313		eq:40.325			me:8h4h		call:313		opn:4		board: (lastb:2s4h6hAh) folded:true pot:0
2015.04.29 05:18:13		chips:225		eq:33.208			me:4h2s		call:74		opn:2		board:Td2hQcThQh (lastb:Td2hQcThQh) folded:true pot:274
